已經開始建置於 2018/1/2 上午 12:41:59。
     1>節點 2 (Build 目標) 上的專案 "C:\Users\kai\Desktop\Final-Project-1\Hw\final\final\final.vcxproj"。
     1>C:\Program Files (x86)\MSBuild\Microsoft.Cpp\v4.0\V120\Microsoft.CppBuild.targets(356,5): warning MSB8004: Intermediate Directory does not end with a trailing slash.  This build instance will add the slash as it is required to allow proper evaluation of the Intermediate Directory.
     1>C:\Program Files (x86)\MSBuild\Microsoft.Cpp\v4.0\V120\Microsoft.CppBuild.targets(357,5): warning MSB8004: Output Directory does not end with a trailing slash.  This build instance will add the slash as it is required to allow proper evaluation of the Output Directory.
     1>ClCompile:
         C:\Program Files (x86)\Microsoft Visual Studio 12.0\VC\bin\CL.exe /c /I"C:\Users\user\Desktop\final-2\include" /ZI /nologo /W3 /WX- /sdl- /Od /Oy- /D _MBCS /Gm /EHsc /RTC1 /MDd /GS /fp:precise /Zc:wchar_t /Zc:forScope /Fo"..\..\..\temp\debug\\" /Fd"..\..\..\temp\debug\vc120.pdb" /Gd /TC /analyze- /errorReport:prompt ..\..\..\source\main.c
         main.c
     1>c:\users\kai\desktop\final-project-1\source\main.c(27): warning C4244: '函式' : 將 'time_t' 轉換為 'unsigned int'，由於類型不同，可能導致資料遺失
     1>c:\users\kai\desktop\final-project-1\source\main.c(22): warning C4101: 'p' : 未參考的區域變數
     1>c:\users\kai\desktop\final-project-1\source\main.c(22): warning C4101: 'a' : 未參考的區域變數
     1>c:\users\kai\desktop\final-project-1\source\main.c(67): warning C4996: 'scanf': This function or variable may be unsafe. Consider using scanf_s instead. To disable deprecation, use _CRT_SECURE_NO_WARNINGS. See online help for details.
                 c:\program files (x86)\microsoft visual studio 12.0\vc\include\stdio.h(283) : 請參閱 'scanf' 的宣告
     1>c:\users\kai\desktop\final-project-1\source\main.c(96): warning C4996: 'scanf': This function or variable may be unsafe. Consider using scanf_s instead. To disable deprecation, use _CRT_SECURE_NO_WARNINGS. See online help for details.
                 c:\program files (x86)\microsoft visual studio 12.0\vc\include\stdio.h(283) : 請參閱 'scanf' 的宣告
     1>c:\users\kai\desktop\final-project-1\source\main.c(108): warning C4098: 'play' : 'void' 函式正在傳回值
     1>c:\users\kai\desktop\final-project-1\source\main.c(122): warning C4996: 'scanf': This function or variable may be unsafe. Consider using scanf_s instead. To disable deprecation, use _CRT_SECURE_NO_WARNINGS. See online help for details.
                 c:\program files (x86)\microsoft visual studio 12.0\vc\include\stdio.h(283) : 請參閱 'scanf' 的宣告
     1>c:\users\kai\desktop\final-project-1\source\main.c(133): warning C4098: 'play' : 'void' 函式正在傳回值
       Link:
         C:\Program Files (x86)\Microsoft Visual Studio 12.0\VC\bin\link.exe /ERRORREPORT:PROMPT /OUT:"..\..\..\temp\debug\final.exe" /INCREMENTAL /NOLOGO kernel32.lib user32.lib gdi32.lib winspool.lib comdlg32.lib advapi32.lib shell32.lib ole32.lib oleaut32.lib uuid.lib odbc32.lib odbccp32.lib /MANIFEST /MANIFESTUAC:"level='asInvoker' uiAccess='false'" /manifest:embed /DEBUG /PDB:"..\..\..\temp\debug\final.pdb" /TLBID:1 /DYNAMICBASE /NXCOMPAT /IMPLIB:"..\..\..\temp\debug\final.lib" /MACHINE:X86 ..\..\..\temp\debug\main.obj
         LINK : 最後的累加連結找不到或未建置 ..\..\..\temp\debug\final.exe，正在執行完整連結
         final.vcxproj -> C:\Users\kai\Desktop\Final-Project-1\Hw\final\final\..\..\..\temp\debug\final.exe
     1>專案 "C:\Users\kai\Desktop\Final-Project-1\Hw\final\final\final.vcxproj" (Build 目標) 建置完成。

建置成功。

經過時間 00:00:00.61
